2016/11/24 06:49:13 [error] [exception.Exception] exception 'Exception' with message 'Invalid Bootstrap path and CDN URL not set. Set vendor.twbs.bootstrap.dist alias or cdnUrl parameter in the configuration file.' in /opt/lampp/htdocs/devtest/protected/extensions/bootstrap/components/TbApi.php:245
Stack trace:
#0 /opt/lampp/htdocs/devtest/protected/extensions/bootstrap/components/TbApi.php(75): TbApi->getBootstrapUrl()
#1 /opt/lampp/htdocs/devtest/protected/extensions/bootstrap/components/TbApi.php(122): TbApi->registerCoreCss()
#2 /opt/lampp/htdocs/devtest/protected/extensions/bootstrap/components/TbApi.php(167): TbApi->registerAllCss()
#3 /opt/lampp/htdocs/devtest/protected/views/layouts/main.php(17): TbApi->register()
#4 /opt/lampp/htdocs/yii/framework/web/CBaseController.php(126): require('/opt/lampp/htdo...')
#5 /opt/lampp/htdocs/yii/framework/web/CBaseController.php(95): CBaseController->renderInternal('/opt/lampp/htdo...', Array, true)
#6 /opt/lampp/htdocs/yii/framework/web/widgets/CContentDecorator.php(76): CBaseController->renderFile('/opt/lampp/htdo...', Array, true)
#7 /opt/lampp/htdocs/yii/framework/web/widgets/CContentDecorator.php(54): CContentDecorator->decorate('<div id="conten...')
#8 /opt/lampp/htdocs/yii/framework/web/widgets/COutputProcessor.php(44): CContentDecorator->processOutput('<div id="conten...')
#9 /opt/lampp/htdocs/yii/framework/web/CBaseController.php(214): COutputProcessor->run()
#10 /opt/lampp/htdocs/yii/framework/web/CBaseController.php(308): CBaseController->endWidget('CContentDecorat...')
#11 /opt/lampp/htdocs/devtest/protected/views/layouts/column1.php(6): CBaseController->endContent()
#12 /opt/lampp/htdocs/yii/framework/web/CBaseController.php(126): require('/opt/lampp/htdo...')
#13 /opt/lampp/htdocs/yii/framework/web/CBaseController.php(95): CBaseController->renderInternal('/opt/lampp/htdo...', Array, true)
#14 /opt/lampp/htdocs/yii/framework/web/CController.php(784): CBaseController->renderFile('/opt/lampp/htdo...', Array, true)
#15 /opt/lampp/htdocs/devtest/protected/controllers/SiteController.php(32): CController->render('index')
#16 /opt/lampp/htdocs/yii/framework/web/actions/CInlineAction.php(49): SiteController->actionIndex()
#17 /opt/lampp/htdocs/yii/framework/web/CController.php(308): CInlineAction->runWithParams(Array)
#18 /opt/lampp/htdocs/yii/framework/web/CController.php(286): CController->runAction(Object(CInlineAction))
#19 /opt/lampp/htdocs/yii/framework/web/CController.php(265): CController->runActionWithFilters(Object(CInlineAction), Array)
#20 /opt/lampp/htdocs/yii/framework/web/CWebApplication.php(282): CController->run('index')
#21 /opt/lampp/htdocs/yii/framework/web/CWebApplication.php(141): CWebApplication->runController('site/index')
#22 /opt/lampp/htdocs/yii/framework/base/CApplication.php(185): CWebApplication->processRequest()
#23 /opt/lampp/htdocs/devtest/index.php(13): CApplication->run()
#24 {main}
REQUEST_URI=/devtest/index.php?r=site/index
HTTP_REFERER=http://localhost/devtest/index.php?r=site/login
---
2016/11/24 06:51:20 [error] [php] include(TbArray.php): failed to open stream: No such file or directory (/opt/lampp/htdocs/yii/framework/YiiBase.php:432)
Stack trace:
#0 /opt/lampp/htdocs/devtest/protected/extensions/bootstrap/components/TbApi.php(179): spl_autoload_call()
#1 /opt/lampp/htdocs/devtest/protected/extensions/bootstrap/components/TbApi.php(149): TbApi->registerPopover()
#2 /opt/lampp/htdocs/devtest/protected/extensions/bootstrap/components/TbApi.php(159): TbApi->registerTooltipAndPopover()
#3 /opt/lampp/htdocs/devtest/protected/extensions/bootstrap/components/TbApi.php(168): TbApi->registerAllScripts()
#4 /opt/lampp/htdocs/devtest/protected/views/layouts/main.php(17): TbApi->register()
#5 /opt/lampp/htdocs/yii/framework/web/CBaseController.php(126): require()
#6 /opt/lampp/htdocs/yii/framework/web/CBaseController.php(95): SiteController->renderInternal()
#7 /opt/lampp/htdocs/yii/framework/web/widgets/CContentDecorator.php(76): SiteController->renderFile()
#8 /opt/lampp/htdocs/yii/framework/web/widgets/CContentDecorator.php(54): CContentDecorator->decorate()
#9 /opt/lampp/htdocs/yii/framework/web/widgets/COutputProcessor.php(44): CContentDecorator->processOutput()
#10 /opt/lampp/htdocs/yii/framework/web/CBaseController.php(214): CContentDecorator->run()
#11 /opt/lampp/htdocs/yii/framework/web/CBaseController.php(308): SiteController->endWidget()
#12 /opt/lampp/htdocs/devtest/protected/views/layouts/column1.php(6): SiteController->endContent()
#13 /opt/lampp/htdocs/yii/framework/web/CBaseController.php(126): require()
#14 /opt/lampp/htdocs/yii/framework/web/CBaseController.php(95): SiteController->renderInternal()
#15 /opt/lampp/htdocs/yii/framework/web/CController.php(784): SiteController->renderFile()
#16 /opt/lampp/htdocs/devtest/protected/controllers/SiteController.php(32): SiteController->render()
#17 /opt/lampp/htdocs/yii/framework/web/actions/CInlineAction.php(49): SiteController->actionIndex()
#18 /opt/lampp/htdocs/yii/framework/web/CController.php(308): CInlineAction->runWithParams()
#19 /opt/lampp/htdocs/yii/framework/web/CController.php(286): SiteController->runAction()
#20 /opt/lampp/htdocs/yii/framework/web/CController.php(265): SiteController->runActionWithFilters()
#21 /opt/lampp/htdocs/yii/framework/web/CWebApplication.php(282): SiteController->run()
#22 /opt/lampp/htdocs/yii/framework/web/CWebApplication.php(141): CWebApplication->runController()
#23 /opt/lampp/htdocs/yii/framework/base/CApplication.php(185): CWebApplication->processRequest()
#24 /opt/lampp/htdocs/devtest/index.php(13): CWebApplication->run()
REQUEST_URI=/devtest/index.php?r=site/index
in /opt/lampp/htdocs/devtest/protected/extensions/bootstrap/components/TbApi.php (179)
in /opt/lampp/htdocs/devtest/protected/extensions/bootstrap/components/TbApi.php (149)
in /opt/lampp/htdocs/devtest/protected/extensions/bootstrap/components/TbApi.php (159)
2016/11/24 06:55:54 [error] [php] include(TbArray.php): failed to open stream: No such file or directory (/opt/lampp/htdocs/yii/framework/YiiBase.php:432)
Stack trace:
#0 /opt/lampp/htdocs/devtest/protected/extensions/bootstrap/components/TbApi.php(179): spl_autoload_call()
#1 /opt/lampp/htdocs/devtest/protected/extensions/bootstrap/components/TbApi.php(149): TbApi->registerPopover()
#2 /opt/lampp/htdocs/devtest/protected/extensions/bootstrap/components/TbApi.php(159): TbApi->registerTooltipAndPopover()
#3 /opt/lampp/htdocs/devtest/protected/extensions/bootstrap/components/TbApi.php(168): TbApi->registerAllScripts()
#4 /opt/lampp/htdocs/devtest/protected/views/layouts/main.php(17): TbApi->register()
#5 /opt/lampp/htdocs/yii/framework/web/CBaseController.php(126): require()
#6 /opt/lampp/htdocs/yii/framework/web/CBaseController.php(95): SiteController->renderInternal()
#7 /opt/lampp/htdocs/yii/framework/web/widgets/CContentDecorator.php(76): SiteController->renderFile()
#8 /opt/lampp/htdocs/yii/framework/web/widgets/CContentDecorator.php(54): CContentDecorator->decorate()
#9 /opt/lampp/htdocs/yii/framework/web/widgets/COutputProcessor.php(44): CContentDecorator->processOutput()
#10 /opt/lampp/htdocs/yii/framework/web/CBaseController.php(214): CContentDecorator->run()
#11 /opt/lampp/htdocs/yii/framework/web/CBaseController.php(308): SiteController->endWidget()
#12 /opt/lampp/htdocs/devtest/protected/views/layouts/column1.php(6): SiteController->endContent()
#13 /opt/lampp/htdocs/yii/framework/web/CBaseController.php(126): require()
#14 /opt/lampp/htdocs/yii/framework/web/CBaseController.php(95): SiteController->renderInternal()
#15 /opt/lampp/htdocs/yii/framework/web/CController.php(784): SiteController->renderFile()
#16 /opt/lampp/htdocs/devtest/protected/controllers/SiteController.php(32): SiteController->render()
#17 /opt/lampp/htdocs/yii/framework/web/actions/CInlineAction.php(49): SiteController->actionIndex()
#18 /opt/lampp/htdocs/yii/framework/web/CController.php(308): CInlineAction->runWithParams()
#19 /opt/lampp/htdocs/yii/framework/web/CController.php(286): SiteController->runAction()
#20 /opt/lampp/htdocs/yii/framework/web/CController.php(265): SiteController->runActionWithFilters()
#21 /opt/lampp/htdocs/yii/framework/web/CWebApplication.php(282): SiteController->run()
#22 /opt/lampp/htdocs/yii/framework/web/CWebApplication.php(141): CWebApplication->runController()
#23 /opt/lampp/htdocs/yii/framework/base/CApplication.php(185): CWebApplication->processRequest()
#24 /opt/lampp/htdocs/devtest/index.php(13): CWebApplication->run()
REQUEST_URI=/devtest/index.php?r=site/index
in /opt/lampp/htdocs/devtest/protected/extensions/bootstrap/components/TbApi.php (179)
in /opt/lampp/htdocs/devtest/protected/extensions/bootstrap/components/TbApi.php (149)
in /opt/lampp/htdocs/devtest/protected/extensions/bootstrap/components/TbApi.php (159)
2016/11/24 09:05:13 [error] [exception.CException] exception 'CException' with message 'Alias "gii.GiiModule" is invalid. Make sure it points to an existing PHP file and the file is readable.' in /opt/lampp/htdocs/yii/framework/YiiBase.php:323
Stack trace:
#0 /opt/lampp/htdocs/yii/framework/YiiBase.php(196): YiiBase::import('gii.GiiModule', true)
#1 /opt/lampp/htdocs/yii/framework/base/CModule.php(282): YiiBase::createComponent('gii.GiiModule', 'gii', NULL, Array)
#2 /opt/lampp/htdocs/yii/framework/web/CWebApplication.php(337): CModule->getModule('gii')
#3 /opt/lampp/htdocs/yii/framework/web/CWebApplication.php(276): CWebApplication->createController('gii')
#4 /opt/lampp/htdocs/yii/framework/web/CWebApplication.php(141): CWebApplication->runController('gii')
#5 /opt/lampp/htdocs/yii/framework/base/CApplication.php(185): CWebApplication->processRequest()
#6 /opt/lampp/htdocs/devtest/index.php(13): CApplication->run()
#7 {main}
REQUEST_URI=/devtest/index.php/gii
---
2016/11/24 09:09:29 [error] [exception.CException] exception 'CException' with message 'Alias "gii.GiiModule" is invalid. Make sure it points to an existing PHP file and the file is readable.' in /opt/lampp/htdocs/yii/framework/YiiBase.php:323
Stack trace:
#0 /opt/lampp/htdocs/yii/framework/YiiBase.php(196): YiiBase::import('gii.GiiModule', true)
#1 /opt/lampp/htdocs/yii/framework/base/CModule.php(282): YiiBase::createComponent('gii.GiiModule', 'gii', NULL, Array)
#2 /opt/lampp/htdocs/yii/framework/web/CWebApplication.php(337): CModule->getModule('gii')
#3 /opt/lampp/htdocs/yii/framework/web/CWebApplication.php(276): CWebApplication->createController('gii')
#4 /opt/lampp/htdocs/yii/framework/web/CWebApplication.php(141): CWebApplication->runController('gii')
#5 /opt/lampp/htdocs/yii/framework/base/CApplication.php(185): CWebApplication->processRequest()
#6 /opt/lampp/htdocs/devtest/index.php(13): CApplication->run()
#7 {main}
REQUEST_URI=/devtest/gii
---
2016/11/24 09:09:39 [error] [exception.CHttpException.404] exception 'CHttpException' with message 'The system is unable to find the requested action "gii".' in /opt/lampp/htdocs/yii/framework/web/CController.php:483
Stack trace:
#0 /opt/lampp/htdocs/yii/framework/web/CController.php(270): CController->missingAction('gii')
#1 /opt/lampp/htdocs/yii/framework/web/CWebApplication.php(282): CController->run('gii')
#2 /opt/lampp/htdocs/yii/framework/web/CWebApplication.php(141): CWebApplication->runController('site/gii')
#3 /opt/lampp/htdocs/yii/framework/base/CApplication.php(185): CWebApplication->processRequest()
#4 /opt/lampp/htdocs/devtest/index.php(13): CApplication->run()
#5 {main}
REQUEST_URI=/devtest/site/gii
---
2016/11/24 09:09:46 [error] [exception.CException] exception 'CException' with message 'Alias "gii.GiiModule" is invalid. Make sure it points to an existing PHP file and the file is readable.' in /opt/lampp/htdocs/yii/framework/YiiBase.php:323
Stack trace:
#0 /opt/lampp/htdocs/yii/framework/YiiBase.php(196): YiiBase::import('gii.GiiModule', true)
#1 /opt/lampp/htdocs/yii/framework/base/CModule.php(282): YiiBase::createComponent('gii.GiiModule', 'gii', NULL, Array)
#2 /opt/lampp/htdocs/yii/framework/web/CWebApplication.php(337): CModule->getModule('gii')
#3 /opt/lampp/htdocs/yii/framework/web/CWebApplication.php(276): CWebApplication->createController('gii')
#4 /opt/lampp/htdocs/yii/framework/web/CWebApplication.php(141): CWebApplication->runController('gii')
#5 /opt/lampp/htdocs/yii/framework/base/CApplication.php(185): CWebApplication->processRequest()
#6 /opt/lampp/htdocs/devtest/index.php(13): CApplication->run()
#7 {main}
REQUEST_URI=/devtest/gii
---
2016/11/24 09:11:00 [error] [php] include(BootstrapCode.php): failed to open stream: No such file or directory (/opt/lampp/htdocs/yii/framework/YiiBase.php:432)
Stack trace:
#0 unknown(0): spl_autoload_call()
#1 /opt/lampp/htdocs/yii/framework/YiiBase.php(292): class_exists()
#2 /opt/lampp/htdocs/devtest/protected/extensions/bootstrap/gii/bootstrap/BootstrapGenerator.php(11): import()
#3 /opt/lampp/htdocs/yii/framework/YiiBase.php(321): require()
#4 /opt/lampp/htdocs/yii/framework/YiiBase.php(196): import()
#5 /opt/lampp/htdocs/yii/framework/web/CWebApplication.php(332): createComponent()
#6 /opt/lampp/htdocs/yii/framework/web/CWebApplication.php(338): CWebApplication->createController()
#7 /opt/lampp/htdocs/yii/framework/web/CWebApplication.php(276): CWebApplication->createController()
#8 /opt/lampp/htdocs/yii/framework/web/CWebApplication.php(141): CWebApplication->runController()
#9 /opt/lampp/htdocs/yii/framework/base/CApplication.php(185): CWebApplication->processRequest()
#10 /opt/lampp/htdocs/devtest/index.php(13): CWebApplication->run()
REQUEST_URI=/devtest/gii/bootstrap/index
in /opt/lampp/htdocs/devtest/protected/extensions/bootstrap/gii/bootstrap/BootstrapGenerator.php (11)
in /opt/lampp/htdocs/devtest/index.php (13)
2016/11/24 09:11:16 [error] [php] include(BootstrapCode.php): failed to open stream: No such file or directory (/opt/lampp/htdocs/yii/framework/YiiBase.php:432)
Stack trace:
#0 unknown(0): spl_autoload_call()
#1 /opt/lampp/htdocs/yii/framework/YiiBase.php(292): class_exists()
#2 /opt/lampp/htdocs/devtest/protected/extensions/bootstrap/gii/bootstrap/BootstrapGenerator.php(11): import()
#3 /opt/lampp/htdocs/yii/framework/YiiBase.php(321): require()
#4 /opt/lampp/htdocs/yii/framework/YiiBase.php(196): import()
#5 /opt/lampp/htdocs/yii/framework/web/CWebApplication.php(332): createComponent()
#6 /opt/lampp/htdocs/yii/framework/web/CWebApplication.php(338): CWebApplication->createController()
#7 /opt/lampp/htdocs/yii/framework/web/CWebApplication.php(276): CWebApplication->createController()
#8 /opt/lampp/htdocs/yii/framework/web/CWebApplication.php(141): CWebApplication->runController()
#9 /opt/lampp/htdocs/yii/framework/base/CApplication.php(185): CWebApplication->processRequest()
#10 /opt/lampp/htdocs/devtest/index.php(13): CWebApplication->run()
REQUEST_URI=/devtest/gii/bootstrap/index
in /opt/lampp/htdocs/devtest/protected/extensions/bootstrap/gii/bootstrap/BootstrapGenerator.php (11)
in /opt/lampp/htdocs/devtest/index.php (13)
2016/11/24 09:13:13 [error] [php] include(BootstrapCode.php): failed to open stream: No such file or directory (/opt/lampp/htdocs/yii/framework/YiiBase.php:432)
Stack trace:
#0 unknown(0): spl_autoload_call()
#1 /opt/lampp/htdocs/yii/framework/YiiBase.php(292): class_exists()
#2 /opt/lampp/htdocs/devtest/protected/extensions/bootstrap/gii/bootstrap/BootstrapGenerator.php(11): import()
#3 /opt/lampp/htdocs/yii/framework/YiiBase.php(321): require()
#4 /opt/lampp/htdocs/yii/framework/YiiBase.php(196): import()
#5 /opt/lampp/htdocs/yii/framework/web/CWebApplication.php(332): createComponent()
#6 /opt/lampp/htdocs/yii/framework/web/CWebApplication.php(338): CWebApplication->createController()
#7 /opt/lampp/htdocs/yii/framework/web/CWebApplication.php(276): CWebApplication->createController()
#8 /opt/lampp/htdocs/yii/framework/web/CWebApplication.php(141): CWebApplication->runController()
#9 /opt/lampp/htdocs/yii/framework/base/CApplication.php(185): CWebApplication->processRequest()
#10 /opt/lampp/htdocs/devtest/index.php(13): CWebApplication->run()
REQUEST_URI=/devtest/gii/bootstrap/index
in /opt/lampp/htdocs/devtest/protected/extensions/bootstrap/gii/bootstrap/BootstrapGenerator.php (11)
in /opt/lampp/htdocs/devtest/index.php (13)
2016/11/24 09:14:02 [error] [php] include(BootstrapCode.php): failed to open stream: No such file or directory (/opt/lampp/htdocs/yii/framework/YiiBase.php:432)
Stack trace:
#0 unknown(0): spl_autoload_call()
#1 /opt/lampp/htdocs/yii/framework/YiiBase.php(292): class_exists()
#2 /opt/lampp/htdocs/devtest/protected/extensions/bootstrap/gii/bootstrap/BootstrapGenerator.php(11): import()
#3 /opt/lampp/htdocs/yii/framework/YiiBase.php(321): require()
#4 /opt/lampp/htdocs/yii/framework/YiiBase.php(196): import()
#5 /opt/lampp/htdocs/yii/framework/web/CWebApplication.php(332): createComponent()
#6 /opt/lampp/htdocs/yii/framework/web/CWebApplication.php(338): CWebApplication->createController()
#7 /opt/lampp/htdocs/yii/framework/web/CWebApplication.php(276): CWebApplication->createController()
#8 /opt/lampp/htdocs/yii/framework/web/CWebApplication.php(141): CWebApplication->runController()
#9 /opt/lampp/htdocs/yii/framework/base/CApplication.php(185): CWebApplication->processRequest()
#10 /opt/lampp/htdocs/devtest/index.php(13): CWebApplication->run()
REQUEST_URI=/devtest/gii/bootstrap/index
in /opt/lampp/htdocs/devtest/protected/extensions/bootstrap/gii/bootstrap/BootstrapGenerator.php (11)
in /opt/lampp/htdocs/devtest/index.php (13)
2016/11/24 09:14:49 [error] [php] include(BootstrapCode.php): failed to open stream: No such file or directory (/opt/lampp/htdocs/yii/framework/YiiBase.php:432)
Stack trace:
#0 unknown(0): spl_autoload_call()
#1 /opt/lampp/htdocs/yii/framework/YiiBase.php(292): class_exists()
#2 /opt/lampp/htdocs/devtest/protected/extensions/bootstrap/gii/bootstrap/BootstrapGenerator.php(11): import()
#3 /opt/lampp/htdocs/yii/framework/YiiBase.php(321): require()
#4 /opt/lampp/htdocs/yii/framework/YiiBase.php(196): import()
#5 /opt/lampp/htdocs/yii/framework/web/CWebApplication.php(332): createComponent()
#6 /opt/lampp/htdocs/yii/framework/web/CWebApplication.php(338): CWebApplication->createController()
#7 /opt/lampp/htdocs/yii/framework/web/CWebApplication.php(276): CWebApplication->createController()
#8 /opt/lampp/htdocs/yii/framework/web/CWebApplication.php(141): CWebApplication->runController()
#9 /opt/lampp/htdocs/yii/framework/base/CApplication.php(185): CWebApplication->processRequest()
#10 /opt/lampp/htdocs/devtest/index.php(13): CWebApplication->run()
REQUEST_URI=/devtest/gii/bootstrap/index
in /opt/lampp/htdocs/devtest/protected/extensions/bootstrap/gii/bootstrap/BootstrapGenerator.php (11)
in /opt/lampp/htdocs/devtest/index.php (13)
2016/11/24 09:24:00 [error] [php] include(BootstrapCode.php): failed to open stream: No such file or directory (/opt/lampp/htdocs/yii/framework/YiiBase.php:432)
Stack trace:
#0 unknown(0): spl_autoload_call()
#1 /opt/lampp/htdocs/yii/framework/YiiBase.php(292): class_exists()
#2 /opt/lampp/htdocs/devtest/protected/extensions/bootstrap/gii/bootstrap/BootstrapGenerator.php(11): import()
#3 /opt/lampp/htdocs/yii/framework/YiiBase.php(321): require()
#4 /opt/lampp/htdocs/yii/framework/YiiBase.php(196): import()
#5 /opt/lampp/htdocs/yii/framework/web/CWebApplication.php(332): createComponent()
#6 /opt/lampp/htdocs/yii/framework/web/CWebApplication.php(338): CWebApplication->createController()
#7 /opt/lampp/htdocs/yii/framework/web/CWebApplication.php(276): CWebApplication->createController()
#8 /opt/lampp/htdocs/yii/framework/web/CWebApplication.php(141): CWebApplication->runController()
#9 /opt/lampp/htdocs/yii/framework/base/CApplication.php(185): CWebApplication->processRequest()
#10 /opt/lampp/htdocs/devtest/index.php(13): CWebApplication->run()
REQUEST_URI=/devtest/gii/bootstrap/index
in /opt/lampp/htdocs/devtest/protected/extensions/bootstrap/gii/bootstrap/BootstrapGenerator.php (11)
in /opt/lampp/htdocs/devtest/index.php (13)
2016/11/24 09:53:20 [error] [php] include(BootstrapCode.php): failed to open stream: No such file or directory (/opt/lampp/htdocs/yii/framework/YiiBase.php:432)
Stack trace:
#0 unknown(0): spl_autoload_call()
#1 /opt/lampp/htdocs/yii/framework/YiiBase.php(303): class_exists()
#2 /opt/lampp/htdocs/yii/framework/gii/CCodeGenerator.php(152): import()
#3 /opt/lampp/htdocs/yii/framework/gii/CCodeGenerator.php(63): BootstrapGenerator->prepare()
#4 /opt/lampp/htdocs/yii/framework/web/actions/CInlineAction.php(49): BootstrapGenerator->actionIndex()
#5 /opt/lampp/htdocs/yii/framework/web/CController.php(308): CInlineAction->runWithParams()
#6 /opt/lampp/htdocs/yii/framework/web/CController.php(286): BootstrapGenerator->runAction()
#7 /opt/lampp/htdocs/yii/framework/web/CController.php(265): BootstrapGenerator->runActionWithFilters()
#8 /opt/lampp/htdocs/yii/framework/web/CWebApplication.php(282): BootstrapGenerator->run()
#9 /opt/lampp/htdocs/yii/framework/web/CWebApplication.php(141): CWebApplication->runController()
#10 /opt/lampp/htdocs/yii/framework/base/CApplication.php(185): CWebApplication->processRequest()
#11 /opt/lampp/htdocs/devtest/index.php(13): CWebApplication->run()
REQUEST_URI=/devtest/gii/bootstrap/index
in /opt/lampp/htdocs/devtest/index.php (13)
2016/11/24 09:55:26 [error] [php] include(BootstrapCode.php): failed to open stream: No such file or directory (/opt/lampp/htdocs/yii/framework/YiiBase.php:432)
Stack trace:
#0 unknown(0): spl_autoload_call()
#1 /opt/lampp/htdocs/yii/framework/YiiBase.php(292): class_exists()
#2 /opt/lampp/htdocs/devtest/protected/extensions/bootstrap/gii/bootstrap/BootstrapGenerator.php(11): import()
#3 /opt/lampp/htdocs/yii/framework/YiiBase.php(321): require()
#4 /opt/lampp/htdocs/yii/framework/YiiBase.php(196): import()
#5 /opt/lampp/htdocs/yii/framework/web/CWebApplication.php(332): createComponent()
#6 /opt/lampp/htdocs/yii/framework/web/CWebApplication.php(338): CWebApplication->createController()
#7 /opt/lampp/htdocs/yii/framework/web/CWebApplication.php(276): CWebApplication->createController()
#8 /opt/lampp/htdocs/yii/framework/web/CWebApplication.php(141): CWebApplication->runController()
#9 /opt/lampp/htdocs/yii/framework/base/CApplication.php(185): CWebApplication->processRequest()
#10 /opt/lampp/htdocs/devtest/index.php(13): CWebApplication->run()
REQUEST_URI=/devtest/gii/bootstrap/index
in /opt/lampp/htdocs/devtest/protected/extensions/bootstrap/gii/bootstrap/BootstrapGenerator.php (11)
in /opt/lampp/htdocs/devtest/index.php (13)
2016/11/24 09:56:05 [error] [php] include(BootstrapCode.php): failed to open stream: No such file or directory (/opt/lampp/htdocs/yii/framework/YiiBase.php:432)
Stack trace:
#0 unknown(0): spl_autoload_call()
#1 /opt/lampp/htdocs/yii/framework/YiiBase.php(303): class_exists()
#2 /opt/lampp/htdocs/yii/framework/gii/CCodeGenerator.php(152): import()
#3 /opt/lampp/htdocs/yii/framework/gii/CCodeGenerator.php(63): BootstrapGenerator->prepare()
#4 /opt/lampp/htdocs/yii/framework/web/actions/CInlineAction.php(49): BootstrapGenerator->actionIndex()
#5 /opt/lampp/htdocs/yii/framework/web/CController.php(308): CInlineAction->runWithParams()
#6 /opt/lampp/htdocs/yii/framework/web/CController.php(286): BootstrapGenerator->runAction()
#7 /opt/lampp/htdocs/yii/framework/web/CController.php(265): BootstrapGenerator->runActionWithFilters()
#8 /opt/lampp/htdocs/yii/framework/web/CWebApplication.php(282): BootstrapGenerator->run()
#9 /opt/lampp/htdocs/yii/framework/web/CWebApplication.php(141): CWebApplication->runController()
#10 /opt/lampp/htdocs/yii/framework/base/CApplication.php(185): CWebApplication->processRequest()
#11 /opt/lampp/htdocs/devtest/index.php(13): CWebApplication->run()
REQUEST_URI=/devtest/gii/bootstrap/index
in /opt/lampp/htdocs/devtest/index.php (13)
2016/11/24 09:56:36 [error] [php] include(BootstrapCode.php): failed to open stream: No such file or directory (/opt/lampp/htdocs/yii/framework/YiiBase.php:432)
Stack trace:
#0 unknown(0): spl_autoload_call()
#1 /opt/lampp/htdocs/yii/framework/YiiBase.php(303): class_exists()
#2 /opt/lampp/htdocs/yii/framework/gii/CCodeGenerator.php(152): import()
#3 /opt/lampp/htdocs/yii/framework/gii/CCodeGenerator.php(63): BootstrapGenerator->prepare()
#4 /opt/lampp/htdocs/yii/framework/web/actions/CInlineAction.php(49): BootstrapGenerator->actionIndex()
#5 /opt/lampp/htdocs/yii/framework/web/CController.php(308): CInlineAction->runWithParams()
#6 /opt/lampp/htdocs/yii/framework/web/CController.php(286): BootstrapGenerator->runAction()
#7 /opt/lampp/htdocs/yii/framework/web/CController.php(265): BootstrapGenerator->runActionWithFilters()
#8 /opt/lampp/htdocs/yii/framework/web/CWebApplication.php(282): BootstrapGenerator->run()
#9 /opt/lampp/htdocs/yii/framework/web/CWebApplication.php(141): CWebApplication->runController()
#10 /opt/lampp/htdocs/yii/framework/base/CApplication.php(185): CWebApplication->processRequest()
#11 /opt/lampp/htdocs/devtest/index.php(13): CWebApplication->run()
REQUEST_URI=/devtest/gii/bootstrap/index
in /opt/lampp/htdocs/devtest/index.php (13)
2016/11/24 10:07:13 [error] [php] include(BootstrapCode.php): failed to open stream: No such file or directory (/opt/lampp/htdocs/yii/framework/YiiBase.php:432)
Stack trace:
#0 unknown(0): spl_autoload_call()
#1 /opt/lampp/htdocs/yii/framework/YiiBase.php(292): class_exists()
#2 /opt/lampp/htdocs/devtest/protected/extensions/bootstrap/gii/bootstrap/BootstrapGenerator.php(11): import()
#3 /opt/lampp/htdocs/yii/framework/YiiBase.php(321): require()
#4 /opt/lampp/htdocs/yii/framework/YiiBase.php(196): import()
#5 /opt/lampp/htdocs/yii/framework/web/CWebApplication.php(332): createComponent()
#6 /opt/lampp/htdocs/yii/framework/web/CWebApplication.php(338): CWebApplication->createController()
#7 /opt/lampp/htdocs/yii/framework/web/CWebApplication.php(276): CWebApplication->createController()
#8 /opt/lampp/htdocs/yii/framework/web/CWebApplication.php(141): CWebApplication->runController()
#9 /opt/lampp/htdocs/yii/framework/base/CApplication.php(185): CWebApplication->processRequest()
#10 /opt/lampp/htdocs/devtest/index.php(13): CWebApplication->run()
REQUEST_URI=/devtest/gii/bootstrap/index
in /opt/lampp/htdocs/devtest/protected/extensions/bootstrap/gii/bootstrap/BootstrapGenerator.php (11)
in /opt/lampp/htdocs/devtest/index.php (13)
2016/11/24 10:07:21 [error] [php] include(TbArray.php): failed to open stream: No such file or directory (/opt/lampp/htdocs/yii/framework/YiiBase.php:432)
Stack trace:
#0 /opt/lampp/htdocs/devtest/protected/extensions/bootstrap/components/TbApi.php(179): spl_autoload_call()
#1 /opt/lampp/htdocs/devtest/protected/extensions/bootstrap/components/TbApi.php(149): TbApi->registerPopover()
#2 /opt/lampp/htdocs/devtest/protected/extensions/bootstrap/components/TbApi.php(159): TbApi->registerTooltipAndPopover()
#3 /opt/lampp/htdocs/devtest/protected/extensions/bootstrap/components/TbApi.php(168): TbApi->registerAllScripts()
#4 /opt/lampp/htdocs/devtest/protected/views/layouts/main.php(19): TbApi->register()
#5 /opt/lampp/htdocs/yii/framework/web/CBaseController.php(126): require()
#6 /opt/lampp/htdocs/yii/framework/web/CBaseController.php(95): SiteController->renderInternal()
#7 /opt/lampp/htdocs/yii/framework/web/widgets/CContentDecorator.php(76): SiteController->renderFile()
#8 /opt/lampp/htdocs/yii/framework/web/widgets/CContentDecorator.php(54): CContentDecorator->decorate()
#9 /opt/lampp/htdocs/yii/framework/web/widgets/COutputProcessor.php(44): CContentDecorator->processOutput()
#10 /opt/lampp/htdocs/yii/framework/web/CBaseController.php(214): CContentDecorator->run()
#11 /opt/lampp/htdocs/yii/framework/web/CBaseController.php(308): SiteController->endWidget()
#12 /opt/lampp/htdocs/devtest/protected/views/layouts/column1.php(6): SiteController->endContent()
#13 /opt/lampp/htdocs/yii/framework/web/CBaseController.php(126): require()
#14 /opt/lampp/htdocs/yii/framework/web/CBaseController.php(95): SiteController->renderInternal()
#15 /opt/lampp/htdocs/yii/framework/web/CController.php(784): SiteController->renderFile()
#16 /opt/lampp/htdocs/devtest/protected/controllers/SiteController.php(32): SiteController->render()
#17 /opt/lampp/htdocs/yii/framework/web/actions/CInlineAction.php(49): SiteController->actionIndex()
#18 /opt/lampp/htdocs/yii/framework/web/CController.php(308): CInlineAction->runWithParams()
#19 /opt/lampp/htdocs/yii/framework/web/CController.php(286): SiteController->runAction()
#20 /opt/lampp/htdocs/yii/framework/web/CController.php(265): SiteController->runActionWithFilters()
#21 /opt/lampp/htdocs/yii/framework/web/CWebApplication.php(282): SiteController->run()
#22 /opt/lampp/htdocs/yii/framework/web/CWebApplication.php(141): CWebApplication->runController()
#23 /opt/lampp/htdocs/yii/framework/base/CApplication.php(185): CWebApplication->processRequest()
#24 /opt/lampp/htdocs/devtest/index.php(13): CWebApplication->run()
REQUEST_URI=/devtest/
in /opt/lampp/htdocs/devtest/protected/extensions/bootstrap/components/TbApi.php (179)
in /opt/lampp/htdocs/devtest/protected/extensions/bootstrap/components/TbApi.php (149)
in /opt/lampp/htdocs/devtest/protected/extensions/bootstrap/components/TbApi.php (159)
2016/11/24 10:09:15 [error] [php] include(BootstrapCode.php): failed to open stream: No such file or directory (/opt/lampp/htdocs/yii/framework/YiiBase.php:432)
Stack trace:
#0 unknown(0): spl_autoload_call()
#1 /opt/lampp/htdocs/yii/framework/YiiBase.php(292): class_exists()
#2 /opt/lampp/htdocs/devtest/protected/extensions/bootstrap/gii/bootstrap/BootstrapGenerator.php(11): import()
#3 /opt/lampp/htdocs/yii/framework/YiiBase.php(321): require()
#4 /opt/lampp/htdocs/yii/framework/YiiBase.php(196): import()
#5 /opt/lampp/htdocs/yii/framework/web/CWebApplication.php(332): createComponent()
#6 /opt/lampp/htdocs/yii/framework/web/CWebApplication.php(338): CWebApplication->createController()
#7 /opt/lampp/htdocs/yii/framework/web/CWebApplication.php(276): CWebApplication->createController()
#8 /opt/lampp/htdocs/yii/framework/web/CWebApplication.php(141): CWebApplication->runController()
#9 /opt/lampp/htdocs/yii/framework/base/CApplication.php(185): CWebApplication->processRequest()
#10 /opt/lampp/htdocs/devtest/index.php(13): CWebApplication->run()
REQUEST_URI=/devtest/gii/bootstrap/index
in /opt/lampp/htdocs/devtest/protected/extensions/bootstrap/gii/bootstrap/BootstrapGenerator.php (11)
in /opt/lampp/htdocs/devtest/index.php (13)
2016/11/24 10:16:08 [error] [php] include(BootstrapCode.php): failed to open stream: No such file or directory (/opt/lampp/htdocs/yii/framework/YiiBase.php:432)
Stack trace:
#0 unknown(0): spl_autoload_call()
#1 /opt/lampp/htdocs/yii/framework/YiiBase.php(292): class_exists()
#2 /opt/lampp/htdocs/devtest/protected/extensions/bootstrap/gii/bootstrap/BootstrapGenerator.php(11): import()
#3 /opt/lampp/htdocs/yii/framework/YiiBase.php(321): require()
#4 /opt/lampp/htdocs/yii/framework/YiiBase.php(196): import()
#5 /opt/lampp/htdocs/yii/framework/web/CWebApplication.php(332): createComponent()
#6 /opt/lampp/htdocs/yii/framework/web/CWebApplication.php(338): CWebApplication->createController()
#7 /opt/lampp/htdocs/yii/framework/web/CWebApplication.php(276): CWebApplication->createController()
#8 /opt/lampp/htdocs/yii/framework/web/CWebApplication.php(141): CWebApplication->runController()
#9 /opt/lampp/htdocs/yii/framework/base/CApplication.php(185): CWebApplication->processRequest()
#10 /opt/lampp/htdocs/devtest/index.php(13): CWebApplication->run()
REQUEST_URI=/devtest/index.php/gii/bootstrap/index
in /opt/lampp/htdocs/devtest/protected/extensions/bootstrap/gii/bootstrap/BootstrapGenerator.php (11)
in /opt/lampp/htdocs/devtest/index.php (13)
2016/11/24 10:16:55 [error] [php] include(BootstrapCode.php): failed to open stream: No such file or directory (/opt/lampp/htdocs/yii/framework/YiiBase.php:432)
Stack trace:
#0 unknown(0): spl_autoload_call()
#1 /opt/lampp/htdocs/yii/framework/YiiBase.php(292): class_exists()
#2 /opt/lampp/htdocs/devtest/protected/extensions/bootstrap/gii/bootstrap/BootstrapGenerator.php(11): import()
#3 /opt/lampp/htdocs/yii/framework/YiiBase.php(321): require()
#4 /opt/lampp/htdocs/yii/framework/YiiBase.php(196): import()
#5 /opt/lampp/htdocs/yii/framework/web/CWebApplication.php(332): createComponent()
#6 /opt/lampp/htdocs/yii/framework/web/CWebApplication.php(338): CWebApplication->createController()
#7 /opt/lampp/htdocs/yii/framework/web/CWebApplication.php(276): CWebApplication->createController()
#8 /opt/lampp/htdocs/yii/framework/web/CWebApplication.php(141): CWebApplication->runController()
#9 /opt/lampp/htdocs/yii/framework/base/CApplication.php(185): CWebApplication->processRequest()
#10 /opt/lampp/htdocs/devtest/index.php(13): CWebApplication->run()
REQUEST_URI=/devtest/gii/bootstrap/index
in /opt/lampp/htdocs/devtest/protected/extensions/bootstrap/gii/bootstrap/BootstrapGenerator.php (11)
in /opt/lampp/htdocs/devtest/index.php (13)
2016/11/24 10:19:42 [error] [php] include(BootstrapCode.php): failed to open stream: No such file or directory (/opt/lampp/htdocs/yii/framework/YiiBase.php:432)
Stack trace:
#0 unknown(0): spl_autoload_call()
#1 /opt/lampp/htdocs/yii/framework/YiiBase.php(292): class_exists()
#2 /opt/lampp/htdocs/devtest/protected/extensions/bootstrap/gii/bootstrap/BootstrapGenerator.php(11): import()
#3 /opt/lampp/htdocs/yii/framework/YiiBase.php(321): require()
#4 /opt/lampp/htdocs/yii/framework/YiiBase.php(196): import()
#5 /opt/lampp/htdocs/yii/framework/web/CWebApplication.php(332): createComponent()
#6 /opt/lampp/htdocs/yii/framework/web/CWebApplication.php(338): CWebApplication->createController()
#7 /opt/lampp/htdocs/yii/framework/web/CWebApplication.php(276): CWebApplication->createController()
#8 /opt/lampp/htdocs/yii/framework/web/CWebApplication.php(141): CWebApplication->runController()
#9 /opt/lampp/htdocs/yii/framework/base/CApplication.php(185): CWebApplication->processRequest()
#10 /opt/lampp/htdocs/devtest/index.php(13): CWebApplication->run()
REQUEST_URI=/devtest/gii/bootstrap/index
in /opt/lampp/htdocs/devtest/protected/extensions/bootstrap/gii/bootstrap/BootstrapGenerator.php (11)
in /opt/lampp/htdocs/devtest/index.php (13)
2016/11/24 10:19:46 [error] [php] include(BootstrapCode.php): failed to open stream: No such file or directory (/opt/lampp/htdocs/yii/framework/YiiBase.php:432)
Stack trace:
#0 unknown(0): spl_autoload_call()
#1 /opt/lampp/htdocs/yii/framework/YiiBase.php(292): class_exists()
#2 /opt/lampp/htdocs/devtest/protected/extensions/bootstrap/gii/bootstrap/BootstrapGenerator.php(11): import()
#3 /opt/lampp/htdocs/yii/framework/YiiBase.php(321): require()
#4 /opt/lampp/htdocs/yii/framework/YiiBase.php(196): import()
#5 /opt/lampp/htdocs/yii/framework/web/CWebApplication.php(332): createComponent()
#6 /opt/lampp/htdocs/yii/framework/web/CWebApplication.php(338): CWebApplication->createController()
#7 /opt/lampp/htdocs/yii/framework/web/CWebApplication.php(276): CWebApplication->createController()
#8 /opt/lampp/htdocs/yii/framework/web/CWebApplication.php(141): CWebApplication->runController()
#9 /opt/lampp/htdocs/yii/framework/base/CApplication.php(185): CWebApplication->processRequest()
#10 /opt/lampp/htdocs/devtest/index.php(13): CWebApplication->run()
REQUEST_URI=/devtest/gii/bootstrap/
in /opt/lampp/htdocs/devtest/protected/extensions/bootstrap/gii/bootstrap/BootstrapGenerator.php (11)
in /opt/lampp/htdocs/devtest/index.php (13)
2016/11/24 10:41:49 [error] [exception.CException] exception 'CException' with message 'Property "LoginForm.textField" is not defined.' in /opt/lampp/htdocs/yii/framework/base/CComponent.php:130
Stack trace:
#0 /opt/lampp/htdocs/yii/framework/web/helpers/CHtml.php(2729): CComponent->__get('textField')
#1 /opt/lampp/htdocs/yii/framework/web/helpers/CHtml.php(2452): CHtml::resolveValue(Object(LoginForm), 'textField')
#2 /opt/lampp/htdocs/devtest/protected/extensions/bootstrap/helpers/TbHtml.php(2688): CHtml::activeInputField('text', Object(LoginForm), 'textField', Array)
#3 /opt/lampp/htdocs/devtest/protected/extensions/bootstrap/helpers/TbHtml.php(1789): TbHtml::activeTextInputField('text', Object(LoginForm), 'textField', Array)
#4 /opt/lampp/htdocs/devtest/protected/extensions/bootstrap/helpers/TbHtml.php(2563): TbHtml::activeTextField(Object(LoginForm), 'textField', Array)
#5 /opt/lampp/htdocs/devtest/protected/extensions/bootstrap/helpers/TbHtml.php(2508): TbHtml::createActiveInput('textField', Object(LoginForm), 'textField', Array, Array)
#6 /opt/lampp/htdocs/devtest/protected/extensions/bootstrap/widgets/TbActiveForm.php(729): TbHtml::activeControlGroup('textField', Object(LoginForm), 'textField', Array, Array)
#7 /opt/lampp/htdocs/devtest/protected/extensions/bootstrap/widgets/TbActiveForm.php(456): TbActiveForm->createControlGroup('textField', Object(LoginForm), 'textField', Array)
#8 /opt/lampp/htdocs/devtest/protected/views/site/login.php(26): TbActiveForm->textFieldControlGroup(Object(LoginForm), 'textField', Array)
#9 /opt/lampp/htdocs/yii/framework/web/CBaseController.php(126): require('/opt/lampp/htdo...')
#10 /opt/lampp/htdocs/yii/framework/web/CBaseController.php(95): CBaseController->renderInternal('/opt/lampp/htdo...', Array, true)
#11 /opt/lampp/htdocs/yii/framework/web/CController.php(869): CBaseController->renderFile('/opt/lampp/htdo...', Array, true)
#12 /opt/lampp/htdocs/yii/framework/web/CController.php(782): CController->renderPartial('login', Array, true)
#13 /opt/lampp/htdocs/devtest/protected/controllers/SiteController.php(98): CController->render('login', Array)
#14 /opt/lampp/htdocs/yii/framework/web/actions/CInlineAction.php(49): SiteController->actionLogin()
#15 /opt/lampp/htdocs/yii/framework/web/CController.php(308): CInlineAction->runWithParams(Array)
#16 /opt/lampp/htdocs/yii/framework/web/CController.php(286): CController->runAction(Object(CInlineAction))
#17 /opt/lampp/htdocs/yii/framework/web/CController.php(265): CController->runActionWithFilters(Object(CInlineAction), Array)
#18 /opt/lampp/htdocs/yii/framework/web/CWebApplication.php(282): CController->run('login')
#19 /opt/lampp/htdocs/yii/framework/web/CWebApplication.php(141): CWebApplication->runController('site/login')
#20 /opt/lampp/htdocs/yii/framework/base/CApplication.php(185): CWebApplication->processRequest()
#21 /opt/lampp/htdocs/devtest/index.php(13): CApplication->run()
#22 {main}
REQUEST_URI=/devtest/site/login
---
2016/11/27 11:53:17 [error] [exception.CHttpException.404] exception 'CHttpException' with message 'Unable to resolve the request "htmltest".' in C:\xampp\htdocs\yii\framework\web\CWebApplication.php:286
Stack trace:
#0 C:\xampp\htdocs\yii\framework\web\CWebApplication.php(141): CWebApplication->runController('htmltest')
#1 C:\xampp\htdocs\yii\framework\base\CApplication.php(180): CWebApplication->processRequest()
#2 C:\xampp\htdocs\adalbadall\index.php(13): CApplication->run()
#3 {main}
REQUEST_URI=/adalbadall/htmltest
---
2016/11/30 18:02:27 [error] [exception.CHttpException.404] exception 'CHttpException' with message 'Unable to resolve the request "images/logo/logo-white.png".' in C:\xampp\htdocs\yii\framework\web\CWebApplication.php:286
Stack trace:
#0 C:\xampp\htdocs\yii\framework\web\CWebApplication.php(141): CWebApplication->runController('images/logo/log...')
#1 C:\xampp\htdocs\yii\framework\base\CApplication.php(180): CWebApplication->processRequest()
#2 C:\xampp\htdocs\adalbadall\index.php(13): CApplication->run()
#3 {main}
REQUEST_URI=/adalbadall/images/logo/logo-white.png
HTTP_REFERER=http://localhost/adalbadall/css/style.css
---
2016/11/30 18:02:27 [error] [exception.CHttpException.404] exception 'CHttpException' with message 'Unable to resolve the request "images/icon-domain.png".' in C:\xampp\htdocs\yii\framework\web\CWebApplication.php:286
Stack trace:
#0 C:\xampp\htdocs\yii\framework\web\CWebApplication.php(141): CWebApplication->runController('images/icon-dom...')
#1 C:\xampp\htdocs\yii\framework\base\CApplication.php(180): CWebApplication->processRequest()
#2 C:\xampp\htdocs\adalbadall\index.php(13): CApplication->run()
#3 {main}
REQUEST_URI=/adalbadall/images/icon-domain.png
HTTP_REFERER=http://localhost/adalbadall/
---
2016/11/30 18:02:27 [error] [exception.CHttpException.404] exception 'CHttpException' with message 'Unable to resolve the request "images/icon-ip.png".' in C:\xampp\htdocs\yii\framework\web\CWebApplication.php:286
Stack trace:
#0 C:\xampp\htdocs\yii\framework\web\CWebApplication.php(141): CWebApplication->runController('images/icon-ip....')
#1 C:\xampp\htdocs\yii\framework\base\CApplication.php(180): CWebApplication->processRequest()
#2 C:\xampp\htdocs\adalbadall\index.php(13): CApplication->run()
#3 {main}
REQUEST_URI=/adalbadall/images/icon-ip.png
HTTP_REFERER=http://localhost/adalbadall/
---
2016/11/30 18:02:27 [error] [exception.CHttpException.404] exception 'CHttpException' with message 'Unable to resolve the request "images/backgrounds/dark-desert-hills.jpg".' in C:\xampp\htdocs\yii\framework\web\CWebApplication.php:286
Stack trace:
#0 C:\xampp\htdocs\yii\framework\web\CWebApplication.php(141): CWebApplication->runController('images/backgrou...')
#1 C:\xampp\htdocs\yii\framework\base\CApplication.php(180): CWebApplication->processRequest()
#2 C:\xampp\htdocs\adalbadall\index.php(13): CApplication->run()
#3 {main}
REQUEST_URI=/adalbadall/images/backgrounds/dark-desert-hills.jpg
HTTP_REFERER=http://localhost/adalbadall/css/style.css
---
2016/11/30 18:02:27 [error] [exception.CHttpException.404] exception 'CHttpException' with message 'Unable to resolve the request "images/icon-whois.png".' in C:\xampp\htdocs\yii\framework\web\CWebApplication.php:286
Stack trace:
#0 C:\xampp\htdocs\yii\framework\web\CWebApplication.php(141): CWebApplication->runController('images/icon-who...')
#1 C:\xampp\htdocs\yii\framework\base\CApplication.php(180): CWebApplication->processRequest()
#2 C:\xampp\htdocs\adalbadall\index.php(13): CApplication->run()
#3 {main}
REQUEST_URI=/adalbadall/images/icon-whois.png
HTTP_REFERER=http://localhost/adalbadall/
---
2016/11/30 18:02:27 [error] [exception.CHttpException.404] exception 'CHttpException' with message 'Unable to resolve the request "fonts/fontawesome-webfont.woff2".' in C:\xampp\htdocs\yii\framework\web\CWebApplication.php:286
Stack trace:
#0 C:\xampp\htdocs\yii\framework\web\CWebApplication.php(141): CWebApplication->runController('fonts/fontaweso...')
#1 C:\xampp\htdocs\yii\framework\base\CApplication.php(180): CWebApplication->processRequest()
#2 C:\xampp\htdocs\adalbadall\index.php(13): CApplication->run()
#3 {main}
REQUEST_URI=/adalbadall/fonts/fontawesome-webfont.woff2?v=4.3.0
HTTP_REFERER=http://localhost/adalbadall/css/font-awesome.css
---
2016/11/30 18:02:32 [error] [exception.CHttpException.404] exception 'CHttpException' with message 'Unable to resolve the request "fonts/fontawesome-webfont.woff".' in C:\xampp\htdocs\yii\framework\web\CWebApplication.php:286
Stack trace:
#0 C:\xampp\htdocs\yii\framework\web\CWebApplication.php(141): CWebApplication->runController('fonts/fontaweso...')
#1 C:\xampp\htdocs\yii\framework\base\CApplication.php(180): CWebApplication->processRequest()
#2 C:\xampp\htdocs\adalbadall\index.php(13): CApplication->run()
#3 {main}
REQUEST_URI=/adalbadall/fonts/fontawesome-webfont.woff?v=4.3.0
HTTP_REFERER=http://localhost/adalbadall/css/font-awesome.css
---
2016/11/30 18:02:32 [error] [exception.CHttpException.404] exception 'CHttpException' with message 'Unable to resolve the request "fonts/fontawesome-webfont.ttf".' in C:\xampp\htdocs\yii\framework\web\CWebApplication.php:286
Stack trace:
#0 C:\xampp\htdocs\yii\framework\web\CWebApplication.php(141): CWebApplication->runController('fonts/fontaweso...')
#1 C:\xampp\htdocs\yii\framework\base\CApplication.php(180): CWebApplication->processRequest()
#2 C:\xampp\htdocs\adalbadall\index.php(13): CApplication->run()
#3 {main}
REQUEST_URI=/adalbadall/fonts/fontawesome-webfont.ttf?v=4.3.0
HTTP_REFERER=http://localhost/adalbadall/css/font-awesome.css
---
2016/11/30 18:04:04 [error] [exception.CHttpException.404] exception 'CHttpException' with message 'Unable to resolve the request "images/icon-whois.png".' in C:\xampp\htdocs\yii\framework\web\CWebApplication.php:286
Stack trace:
#0 C:\xampp\htdocs\yii\framework\web\CWebApplication.php(141): CWebApplication->runController('images/icon-who...')
#1 C:\xampp\htdocs\yii\framework\base\CApplication.php(180): CWebApplication->processRequest()
#2 C:\xampp\htdocs\adalbadall\index.php(13): CApplication->run()
#3 {main}
REQUEST_URI=/adalbadall/images/icon-whois.png
HTTP_REFERER=http://localhost/adalbadall/
---
2016/11/30 18:04:04 [error] [exception.CHttpException.404] exception 'CHttpException' with message 'Unable to resolve the request "images/icon-ip.png".' in C:\xampp\htdocs\yii\framework\web\CWebApplication.php:286
Stack trace:
#0 C:\xampp\htdocs\yii\framework\web\CWebApplication.php(141): CWebApplication->runController('images/icon-ip....')
#1 C:\xampp\htdocs\yii\framework\base\CApplication.php(180): CWebApplication->processRequest()
#2 C:\xampp\htdocs\adalbadall\index.php(13): CApplication->run()
#3 {main}
REQUEST_URI=/adalbadall/images/icon-ip.png
HTTP_REFERER=http://localhost/adalbadall/
---
2016/11/30 18:04:05 [error] [exception.CHttpException.404] exception 'CHttpException' with message 'Unable to resolve the request "images/icon-domain.png".' in C:\xampp\htdocs\yii\framework\web\CWebApplication.php:286
Stack trace:
#0 C:\xampp\htdocs\yii\framework\web\CWebApplication.php(141): CWebApplication->runController('images/icon-dom...')
#1 C:\xampp\htdocs\yii\framework\base\CApplication.php(180): CWebApplication->processRequest()
#2 C:\xampp\htdocs\adalbadall\index.php(13): CApplication->run()
#3 {main}
REQUEST_URI=/adalbadall/images/icon-domain.png
HTTP_REFERER=http://localhost/adalbadall/
---
2016/11/30 18:04:05 [error] [exception.CHttpException.404] exception 'CHttpException' with message 'Unable to resolve the request "images/backgrounds/dark-desert-hills.jpg".' in C:\xampp\htdocs\yii\framework\web\CWebApplication.php:286
Stack trace:
#0 C:\xampp\htdocs\yii\framework\web\CWebApplication.php(141): CWebApplication->runController('images/backgrou...')
#1 C:\xampp\htdocs\yii\framework\base\CApplication.php(180): CWebApplication->processRequest()
#2 C:\xampp\htdocs\adalbadall\index.php(13): CApplication->run()
#3 {main}
REQUEST_URI=/adalbadall/images/backgrounds/dark-desert-hills.jpg
HTTP_REFERER=http://localhost/adalbadall/css/style.css
---
2016/11/30 18:04:05 [error] [exception.CHttpException.404] exception 'CHttpException' with message 'Unable to resolve the request "fonts/fontawesome-webfont.woff2".' in C:\xampp\htdocs\yii\framework\web\CWebApplication.php:286
Stack trace:
#0 C:\xampp\htdocs\yii\framework\web\CWebApplication.php(141): CWebApplication->runController('fonts/fontaweso...')
#1 C:\xampp\htdocs\yii\framework\base\CApplication.php(180): CWebApplication->processRequest()
#2 C:\xampp\htdocs\adalbadall\index.php(13): CApplication->run()
#3 {main}
REQUEST_URI=/adalbadall/fonts/fontawesome-webfont.woff2?v=4.3.0
HTTP_REFERER=http://localhost/adalbadall/css/font-awesome.css
---
2016/11/30 18:04:05 [error] [exception.CHttpException.404] exception 'CHttpException' with message 'Unable to resolve the request "images/logo/logo-white.png".' in C:\xampp\htdocs\yii\framework\web\CWebApplication.php:286
Stack trace:
#0 C:\xampp\htdocs\yii\framework\web\CWebApplication.php(141): CWebApplication->runController('images/logo/log...')
#1 C:\xampp\htdocs\yii\framework\base\CApplication.php(180): CWebApplication->processRequest()
#2 C:\xampp\htdocs\adalbadall\index.php(13): CApplication->run()
#3 {main}
REQUEST_URI=/adalbadall/images/logo/logo-white.png
HTTP_REFERER=http://localhost/adalbadall/css/style.css
---
2016/11/30 18:04:06 [error] [exception.CHttpException.404] exception 'CHttpException' with message 'Unable to resolve the request "fonts/fontawesome-webfont.woff".' in C:\xampp\htdocs\yii\framework\web\CWebApplication.php:286
Stack trace:
#0 C:\xampp\htdocs\yii\framework\web\CWebApplication.php(141): CWebApplication->runController('fonts/fontaweso...')
#1 C:\xampp\htdocs\yii\framework\base\CApplication.php(180): CWebApplication->processRequest()
#2 C:\xampp\htdocs\adalbadall\index.php(13): CApplication->run()
#3 {main}
REQUEST_URI=/adalbadall/fonts/fontawesome-webfont.woff?v=4.3.0
HTTP_REFERER=http://localhost/adalbadall/css/font-awesome.css
---
2016/11/30 18:04:06 [error] [exception.CHttpException.404] exception 'CHttpException' with message 'Unable to resolve the request "fonts/fontawesome-webfont.ttf".' in C:\xampp\htdocs\yii\framework\web\CWebApplication.php:286
Stack trace:
#0 C:\xampp\htdocs\yii\framework\web\CWebApplication.php(141): CWebApplication->runController('fonts/fontaweso...')
#1 C:\xampp\htdocs\yii\framework\base\CApplication.php(180): CWebApplication->processRequest()
#2 C:\xampp\htdocs\adalbadall\index.php(13): CApplication->run()
#3 {main}
REQUEST_URI=/adalbadall/fonts/fontawesome-webfont.ttf?v=4.3.0
HTTP_REFERER=http://localhost/adalbadall/css/font-awesome.css
---
2016/11/30 18:15:17 [error] [exception.CHttpException.404] exception 'CHttpException' with message 'Unable to resolve the request "images/logo/logo-white.png".' in C:\xampp\htdocs\yii\framework\web\CWebApplication.php:286
Stack trace:
#0 C:\xampp\htdocs\yii\framework\web\CWebApplication.php(141): CWebApplication->runController('images/logo/log...')
#1 C:\xampp\htdocs\yii\framework\base\CApplication.php(180): CWebApplication->processRequest()
#2 C:\xampp\htdocs\adalbadall\index.php(13): CApplication->run()
#3 {main}
REQUEST_URI=/adalbadall/images/logo/logo-white.png
HTTP_REFERER=http://localhost/adalbadall/css/style.css
---
2016/11/30 18:15:17 [error] [exception.CHttpException.404] exception 'CHttpException' with message 'Unable to resolve the request "images/icon-domain.png".' in C:\xampp\htdocs\yii\framework\web\CWebApplication.php:286
Stack trace:
#0 C:\xampp\htdocs\yii\framework\web\CWebApplication.php(141): CWebApplication->runController('images/icon-dom...')
#1 C:\xampp\htdocs\yii\framework\base\CApplication.php(180): CWebApplication->processRequest()
#2 C:\xampp\htdocs\adalbadall\index.php(13): CApplication->run()
#3 {main}
REQUEST_URI=/adalbadall/images/icon-domain.png
HTTP_REFERER=http://localhost/adalbadall/
---
2016/11/30 18:15:17 [error] [exception.CHttpException.404] exception 'CHttpException' with message 'Unable to resolve the request "images/icon-ip.png".' in C:\xampp\htdocs\yii\framework\web\CWebApplication.php:286
Stack trace:
#0 C:\xampp\htdocs\yii\framework\web\CWebApplication.php(141): CWebApplication->runController('images/icon-ip....')
#1 C:\xampp\htdocs\yii\framework\base\CApplication.php(180): CWebApplication->processRequest()
#2 C:\xampp\htdocs\adalbadall\index.php(13): CApplication->run()
#3 {main}
REQUEST_URI=/adalbadall/images/icon-ip.png
HTTP_REFERER=http://localhost/adalbadall/
---
2016/11/30 18:15:17 [error] [exception.CHttpException.404] exception 'CHttpException' with message 'Unable to resolve the request "images/icon-whois.png".' in C:\xampp\htdocs\yii\framework\web\CWebApplication.php:286
Stack trace:
#0 C:\xampp\htdocs\yii\framework\web\CWebApplication.php(141): CWebApplication->runController('images/icon-who...')
#1 C:\xampp\htdocs\yii\framework\base\CApplication.php(180): CWebApplication->processRequest()
#2 C:\xampp\htdocs\adalbadall\index.php(13): CApplication->run()
#3 {main}
REQUEST_URI=/adalbadall/images/icon-whois.png
HTTP_REFERER=http://localhost/adalbadall/
---
2016/11/30 18:15:17 [error] [exception.CHttpException.404] exception 'CHttpException' with message 'Unable to resolve the request "fonts/fontawesome-webfont.woff2".' in C:\xampp\htdocs\yii\framework\web\CWebApplication.php:286
Stack trace:
#0 C:\xampp\htdocs\yii\framework\web\CWebApplication.php(141): CWebApplication->runController('fonts/fontaweso...')
#1 C:\xampp\htdocs\yii\framework\base\CApplication.php(180): CWebApplication->processRequest()
#2 C:\xampp\htdocs\adalbadall\index.php(13): CApplication->run()
#3 {main}
REQUEST_URI=/adalbadall/fonts/fontawesome-webfont.woff2?v=4.3.0
HTTP_REFERER=http://localhost/adalbadall/css/font-awesome.css
---
2016/11/30 18:15:17 [error] [exception.CHttpException.404] exception 'CHttpException' with message 'Unable to resolve the request "images/backgrounds/dark-desert-hills.jpg".' in C:\xampp\htdocs\yii\framework\web\CWebApplication.php:286
Stack trace:
#0 C:\xampp\htdocs\yii\framework\web\CWebApplication.php(141): CWebApplication->runController('images/backgrou...')
#1 C:\xampp\htdocs\yii\framework\base\CApplication.php(180): CWebApplication->processRequest()
#2 C:\xampp\htdocs\adalbadall\index.php(13): CApplication->run()
#3 {main}
REQUEST_URI=/adalbadall/images/backgrounds/dark-desert-hills.jpg
HTTP_REFERER=http://localhost/adalbadall/css/style.css
---
2016/11/30 18:15:17 [error] [exception.CHttpException.404] exception 'CHttpException' with message 'Unable to resolve the request "fonts/fontawesome-webfont.woff".' in C:\xampp\htdocs\yii\framework\web\CWebApplication.php:286
Stack trace:
#0 C:\xampp\htdocs\yii\framework\web\CWebApplication.php(141): CWebApplication->runController('fonts/fontaweso...')
#1 C:\xampp\htdocs\yii\framework\base\CApplication.php(180): CWebApplication->processRequest()
#2 C:\xampp\htdocs\adalbadall\index.php(13): CApplication->run()
#3 {main}
REQUEST_URI=/adalbadall/fonts/fontawesome-webfont.woff?v=4.3.0
HTTP_REFERER=http://localhost/adalbadall/css/font-awesome.css
---
2016/11/30 18:15:17 [error] [exception.CHttpException.404] exception 'CHttpException' with message 'Unable to resolve the request "fonts/fontawesome-webfont.ttf".' in C:\xampp\htdocs\yii\framework\web\CWebApplication.php:286
Stack trace:
#0 C:\xampp\htdocs\yii\framework\web\CWebApplication.php(141): CWebApplication->runController('fonts/fontaweso...')
#1 C:\xampp\htdocs\yii\framework\base\CApplication.php(180): CWebApplication->processRequest()
#2 C:\xampp\htdocs\adalbadall\index.php(13): CApplication->run()
#3 {main}
REQUEST_URI=/adalbadall/fonts/fontawesome-webfont.ttf?v=4.3.0
HTTP_REFERER=http://localhost/adalbadall/css/font-awesome.css
---
2016/11/30 18:16:20 [error] [exception.CHttpException.404] exception 'CHttpException' with message 'Unable to resolve the request "fonts/fontawesome-webfont.woff2".' in C:\xampp\htdocs\yii\framework\web\CWebApplication.php:286
Stack trace:
#0 C:\xampp\htdocs\yii\framework\web\CWebApplication.php(141): CWebApplication->runController('fonts/fontaweso...')
#1 C:\xampp\htdocs\yii\framework\base\CApplication.php(180): CWebApplication->processRequest()
#2 C:\xampp\htdocs\adalbadall\index.php(13): CApplication->run()
#3 {main}
REQUEST_URI=/adalbadall/fonts/fontawesome-webfont.woff2?v=4.3.0
HTTP_REFERER=http://localhost/adalbadall/css/font-awesome.css
---
2016/11/30 18:16:20 [error] [exception.CHttpException.404] exception 'CHttpException' with message 'Unable to resolve the request "fonts/fontawesome-webfont.woff".' in C:\xampp\htdocs\yii\framework\web\CWebApplication.php:286
Stack trace:
#0 C:\xampp\htdocs\yii\framework\web\CWebApplication.php(141): CWebApplication->runController('fonts/fontaweso...')
#1 C:\xampp\htdocs\yii\framework\base\CApplication.php(180): CWebApplication->processRequest()
#2 C:\xampp\htdocs\adalbadall\index.php(13): CApplication->run()
#3 {main}
REQUEST_URI=/adalbadall/fonts/fontawesome-webfont.woff?v=4.3.0
HTTP_REFERER=http://localhost/adalbadall/css/font-awesome.css
---
2016/11/30 18:16:20 [error] [exception.CHttpException.404] exception 'CHttpException' with message 'Unable to resolve the request "fonts/fontawesome-webfont.ttf".' in C:\xampp\htdocs\yii\framework\web\CWebApplication.php:286
Stack trace:
#0 C:\xampp\htdocs\yii\framework\web\CWebApplication.php(141): CWebApplication->runController('fonts/fontaweso...')
#1 C:\xampp\htdocs\yii\framework\base\CApplication.php(180): CWebApplication->processRequest()
#2 C:\xampp\htdocs\adalbadall\index.php(13): CApplication->run()
#3 {main}
REQUEST_URI=/adalbadall/fonts/fontawesome-webfont.ttf?v=4.3.0
HTTP_REFERER=http://localhost/adalbadall/css/font-awesome.css
---
2016/11/30 18:16:41 [error] [exception.CHttpException.404] exception 'CHttpException' with message 'Unable to resolve the request "fonts/fontawesome-webfont.woff2".' in C:\xampp\htdocs\yii\framework\web\CWebApplication.php:286
Stack trace:
#0 C:\xampp\htdocs\yii\framework\web\CWebApplication.php(141): CWebApplication->runController('fonts/fontaweso...')
#1 C:\xampp\htdocs\yii\framework\base\CApplication.php(180): CWebApplication->processRequest()
#2 C:\xampp\htdocs\adalbadall\index.php(13): CApplication->run()
#3 {main}
REQUEST_URI=/adalbadall/fonts/fontawesome-webfont.woff2?v=4.3.0
HTTP_REFERER=http://localhost/adalbadall/css/font-awesome.css
---
2016/11/30 18:16:41 [error] [exception.CHttpException.404] exception 'CHttpException' with message 'Unable to resolve the request "fonts/fontawesome-webfont.woff".' in C:\xampp\htdocs\yii\framework\web\CWebApplication.php:286
Stack trace:
#0 C:\xampp\htdocs\yii\framework\web\CWebApplication.php(141): CWebApplication->runController('fonts/fontaweso...')
#1 C:\xampp\htdocs\yii\framework\base\CApplication.php(180): CWebApplication->processRequest()
#2 C:\xampp\htdocs\adalbadall\index.php(13): CApplication->run()
#3 {main}
REQUEST_URI=/adalbadall/fonts/fontawesome-webfont.woff?v=4.3.0
HTTP_REFERER=http://localhost/adalbadall/css/font-awesome.css
---
2016/11/30 18:16:41 [error] [exception.CHttpException.404] exception 'CHttpException' with message 'Unable to resolve the request "fonts/fontawesome-webfont.ttf".' in C:\xampp\htdocs\yii\framework\web\CWebApplication.php:286
Stack trace:
#0 C:\xampp\htdocs\yii\framework\web\CWebApplication.php(141): CWebApplication->runController('fonts/fontaweso...')
#1 C:\xampp\htdocs\yii\framework\base\CApplication.php(180): CWebApplication->processRequest()
#2 C:\xampp\htdocs\adalbadall\index.php(13): CApplication->run()
#3 {main}
REQUEST_URI=/adalbadall/fonts/fontawesome-webfont.ttf?v=4.3.0
HTTP_REFERER=http://localhost/adalbadall/css/font-awesome.css
---
2016/11/30 18:18:01 [error] [exception.CHttpException.404] exception 'CHttpException' with message 'Unable to resolve the request "fonts/fontawesome-webfont.woff2".' in C:\xampp\htdocs\yii\framework\web\CWebApplication.php:286
Stack trace:
#0 C:\xampp\htdocs\yii\framework\web\CWebApplication.php(141): CWebApplication->runController('fonts/fontaweso...')
#1 C:\xampp\htdocs\yii\framework\base\CApplication.php(180): CWebApplication->processRequest()
#2 C:\xampp\htdocs\adalbadall\index.php(13): CApplication->run()
#3 {main}
REQUEST_URI=/adalbadall/fonts/fontawesome-webfont.woff2?v=4.3.0
HTTP_REFERER=http://localhost/adalbadall/css/font-awesome.css
---
2016/11/30 18:18:01 [error] [exception.CHttpException.404] exception 'CHttpException' with message 'Unable to resolve the request "fonts/fontawesome-webfont.woff".' in C:\xampp\htdocs\yii\framework\web\CWebApplication.php:286
Stack trace:
#0 C:\xampp\htdocs\yii\framework\web\CWebApplication.php(141): CWebApplication->runController('fonts/fontaweso...')
#1 C:\xampp\htdocs\yii\framework\base\CApplication.php(180): CWebApplication->processRequest()
#2 C:\xampp\htdocs\adalbadall\index.php(13): CApplication->run()
#3 {main}
REQUEST_URI=/adalbadall/fonts/fontawesome-webfont.woff?v=4.3.0
HTTP_REFERER=http://localhost/adalbadall/css/font-awesome.css
---
2016/11/30 18:18:02 [error] [exception.CHttpException.404] exception 'CHttpException' with message 'Unable to resolve the request "fonts/fontawesome-webfont.ttf".' in C:\xampp\htdocs\yii\framework\web\CWebApplication.php:286
Stack trace:
#0 C:\xampp\htdocs\yii\framework\web\CWebApplication.php(141): CWebApplication->runController('fonts/fontaweso...')
#1 C:\xampp\htdocs\yii\framework\base\CApplication.php(180): CWebApplication->processRequest()
#2 C:\xampp\htdocs\adalbadall\index.php(13): CApplication->run()
#3 {main}
REQUEST_URI=/adalbadall/fonts/fontawesome-webfont.ttf?v=4.3.0
HTTP_REFERER=http://localhost/adalbadall/css/font-awesome.css
---
